# JRE version: OpenJDK Runtime Environment (16.0.2+7) (build 16.0.2+7-67)
# Java VM: OpenJDK 64-Bit Server VM (16.0.2+7-67, mixed mode, tiered, compressed oops, compressed class ptrs, g1 gc, windows-amd64)
GC Precious Log:
 CPUs: 4 total, 4 available
 Memory: 12175M
 Large Page Support: Disabled
 NUMA Support: Disabled
 Compressed Oops: Enabled (Zero based)
 Heap Region Size: 2M
 Heap Min Capacity: 8M
 Heap Initial Capacity: 192M
 Heap Max Capacity: 3044M
 Pre-touch: Disabled
 Parallel Workers: 4
 Concurrent Workers: 1
 Concurrent Refinement Workers: 4
 Periodic GC: Disabled
Heap:
 garbage-first heap   total 116736K, used 78633K [0x0000000741c00000, 0x0000000800000000)
  region size 2048K, 21 young (43008K), 2 survivors (4096K)
 Metaspace       used 95556K, committed 96384K, reserved 1138688K
  class space    used 10454K, committed 10880K, reserved 1048576K
GC Heap History (20 events):
Event: 3409.111 GC heap before
{Heap before GC invocations=91 (full 5):
 garbage-first heap   total 96256K, used 75035K [0x0000000741c00000, 0x0000000800000000)
  region size 2048K, 21 young (43008K), 2 survivors (4096K)
 Metaspace       used 94738K, committed 95552K, reserved 1138688K
  class space    used 10402K, committed 10816K, reserved 1048576K
}
Event: 3409.120 GC heap after
{Heap after GC invocations=92 (full 5):
 garbage-first heap   total 96256K, used 38824K [0x0000000741c00000, 0x0000000800000000)
  region size 2048K, 2 young (4096K), 2 survivors (4096K)
 Metaspace       used 94738K, committed 95552K, reserved 1138688K
  class space    used 10402K, committed 10816K, reserved 1048576K
}
Event: 3410.019 GC heap before
{Heap before GC invocations=92 (full 5):
 garbage-first heap   total 96256K, used 75688K [0x0000000741c00000, 0x0000000800000000)
  region size 2048K, 20 young (40960K), 2 survivors (4096K)
 Metaspace       used 95101K, committed 95872K, reserved 1138688K
  class space    used 10428K, committed 10816K, reserved 1048576K
}
Event: 3410.028 GC heap after
{Heap after GC invocations=93 (full 5):
 garbage-first heap   total 116736K, used 40327K [0x0000000741c00000, 0x0000000800000000)
  region size 2048K, 3 young (6144K), 3 survivors (6144K)
 Metaspace       used 95101K, committed 95872K, reserved 1138688K
  class space    used 10428K, committed 10816K, reserved 1048576K
}
Event: 3410.520 GC heap before
{Heap before GC invocations=93 (full 5):
 garbage-first heap   total 116736K, used 93575K [0x0000000741c00000, 0x0000000800000000)
  region size 2048K, 29 young (59392K), 3 survivors (6144K)
 Metaspace       used 95496K, committed 96320K, reserved 1138688K
  class space    used 10451K, committed 10880K, reserved 1048576K
}
Event: 3410.529 GC heap after
{Heap after GC invocations=94 (full 5):
 garbage-first heap   total 116736K, used 42151K [0x0000000741c00000, 0x0000000800000000)
  region size 2048K, 3 young (6144K), 3 survivors (6144K)
 Metaspace       used 95496K, committed 96320K, reserved 1138688K
  class space    used 10451K, committed 10880K, reserved 1048576K
}
Event: 3478.222 GC heap before
{Heap before GC invocations=94 (full 5):
 garbage-first heap   total 116736K, used 95399K [0x0000000741c00000, 0x0000000800000000)
  region size 2048K, 29 young (59392K), 3 survivors (6144K)
 Metaspace       used 95542K, committed 96320K, reserved 1138688K
  class space    used 10454K, committed 10880K, reserved 1048576K
}
Event: 3478.247 GC heap after
{Heap after GC invocations=95 (full 5):
 garbage-first heap   total 116736K, used 41752K [0x0000000741c00000, 0x0000000800000000)
  region size 2048K, 2 young (4096K), 2 survivors (4096K)
 Metaspace       used 95542K, committed 96320K, reserved 1138688K
  class space    used 10454K, committed 10880K, reserved 1048576K
}
Event: 3606.287 GC heap before
{Heap before GC invocations=95 (full 5):
 garbage-first heap   total 116736K, used 95000K [0x0000000741c00000, 0x0000000800000000)
  region size 2048K, 28 young (57344K), 2 survivors (4096K)
 Metaspace       used 95542K, committed 96320K, reserved 1138688K
  class space    used 10454K, committed 10880K, reserved 1048576K
}
Event: 3606.293 GC heap after
{Heap after GC invocations=96 (full 5):
 garbage-first heap   total 116736K, used 41732K [0x0000000741c00000, 0x0000000800000000)
  region size 2048K, 2 young (4096K), 2 survivors (4096K)
 Metaspace       used 95542K, committed 96320K, reserved 1138688K
  class space    used 10454K, committed 10880K, reserved 1048576K
}
Event: 3735.613 GC heap before
{Heap before GC invocations=96 (full 5):
 garbage-first heap   total 116736K, used 94980K [0x0000000741c00000, 0x0000000800000000)
  region size 2048K, 28 young (57344K), 2 survivors (4096K)
 Metaspace       used 95542K, committed 96320K, reserved 1138688K
  class space    used 10454K, committed 10880K, reserved 1048576K
}
Event: 3735.621 GC heap after
{Heap after GC invocations=97 (full 5):
 garbage-first heap   total 116736K, used 41999K [0x0000000741c00000, 0x0000000800000000)
  region size 2048K, 2 young (4096K), 2 survivors (4096K)
 Metaspace       used 95542K, committed 96320K, reserved 1138688K
  class space    used 10454K, committed 10880K, reserved 1048576K
}
Event: 3875.282 GC heap before
{Heap before GC invocations=97 (full 5):
 garbage-first heap   total 116736K, used 97295K [0x0000000741c00000, 0x0000000800000000)
  region size 2048K, 29 young (59392K), 2 survivors (4096K)
 Metaspace       used 95542K, committed 96320K, reserved 1138688K
  class space    used 10454K, committed 10880K, reserved 1048576K
}
Event: 3875.290 GC heap after
{Heap after GC invocations=98 (full 5):
 garbage-first heap   total 116736K, used 41974K [0x0000000741c00000, 0x0000000800000000)
  region size 2048K, 2 young (4096K), 2 survivors (4096K)
 Metaspace       used 95542K, committed 96320K, reserved 1138688K
  class space    used 10454K, committed 10880K, reserved 1048576K
}
Event: 4010.430 GC heap before
{Heap before GC invocations=98 (full 5):
 garbage-first heap   total 116736K, used 97270K [0x0000000741c00000, 0x0000000800000000)
  region size 2048K, 29 young (59392K), 2 survivors (4096K)
 Metaspace       used 95551K, committed 96320K, reserved 1138688K
  class space    used 10454K, committed 10880K, reserved 1048576K
}
Event: 4010.438 GC heap after
{Heap after GC invocations=99 (full 5):
 garbage-first heap   total 116736K, used 41967K [0x0000000741c00000, 0x0000000800000000)
  region size 2048K, 2 young (4096K), 2 survivors (4096K)
 Metaspace       used 95551K, committed 96320K, reserved 1138688K
  class space    used 10454K, committed 10880K, reserved 1048576K
}
Event: 4144.560 GC heap before
{Heap before GC invocations=99 (full 5):
 garbage-first heap   total 116736K, used 97263K [0x0000000741c00000, 0x0000000800000000)
  region size 2048K, 29 young (59392K), 2 survivors (4096K)
 Metaspace       used 95551K, committed 96320K, reserved 1138688K
  class space    used 10454K, committed 10880K, reserved 1048576K
}
Event: 4144.578 GC heap after
{Heap after GC invocations=100 (full 5):
 garbage-first heap   total 116736K, used 41964K [0x0000000741c00000, 0x0000000800000000)
  region size 2048K, 2 young (4096K), 2 survivors (4096K)
 Metaspace       used 95551K, committed 96320K, reserved 1138688K
  class space    used 10454K, committed 10880K, reserved 1048576K
}
Event: 4282.304 GC heap before
{Heap before GC invocations=100 (full 5):
 garbage-first heap   total 116736K, used 97260K [0x0000000741c00000, 0x0000000800000000)
  region size 2048K, 29 young (59392K), 2 survivors (4096K)
 Metaspace       used 95551K, committed 96320K, reserved 1138688K
  class space    used 10454K, committed 10880K, reserved 1048576K
}
Event: 4282.310 GC heap after
{Heap after GC invocations=101 (full 5):
 garbage-first heap   total 116736K, used 41769K [0x0000000741c00000, 0x0000000800000000)
  region size 2048K, 2 young (4096K), 2 survivors (4096K)
 Metaspace       used 95551K, committed 96320K, reserved 1138688K
  class space    used 10454K, committed 10880K, reserved 1048576K
}

